<?xml version="1.0" encoding="UTF-8"?>
<!-- Generated by org.testng.reporters.JUnitXMLReporter -->
<testsuite hostname="win7-20" tests="2" failures="1" timestamp="13 Sep 2016 17:18:02 GMT" time="11.472" errors="0">
  <testcase name="titleTest" time="5.363" classname="GoogleTest"/>
  <testcase name="titleTest" time="5.745" classname="MailRuTest">
    <failure type="java.lang.AssertionError" message="expected [Mail.Ru: �����, ����� � ���������, �������, ����] but found [Mail.Ru: почта, поиск в интернете, новости, игры]">
      <![CDATA[java.lang.AssertionError: expected [Mail.Ru: �����, ����� � ���������, �������, ����] but found [Mail.Ru: почта, поиск в интернете, новости, игры]
	at MailRuTest.titleTest(MailRuTest.java:28)
	at TestRunner.main(TestRunner.java:11)
	at com.intellij.rt.execution.application.AppMain.main(AppMain.java:140)
... Removed 30 stack frames]]>
    </failure>
  </testcase> <!-- titleTest -->
</testsuite>
